<?xml version="1.0" encoding="UTF-8"?>
<testsuite name="org.tatcheff.bank.BankAccTest" tests="1" skipped="0" failures="0" errors="0" timestamp="2024-04-02T16:19:40" hostname="ANGEL-GAMING-RI" time="0.017">
  <properties/>
  <testcase name="withdraw_withWithdrawAmountEqBalance_amountIsWithdrawn()" classname="org.tatcheff.bank.BankAccTest" time="0.017"/>
  <system-out><![CDATA[]]></system-out>
  <system-err><![CDATA[]]></system-err>
</testsuite>
