<?xml version="1.0" encoding="UTF-8"?>
<testsuite name="tatcheff.BankAccountServiceTest" tests="1" skipped="0" failures="0" errors="0" timestamp="2024-04-14T15:23:30" hostname="ANGEL-GAMING-RI" time="0.017">
  <properties/>
  <testcase name="accumulateInterestWithRateMoreThan100()" classname="tatcheff.BankAccountServiceTest" time="0.017"/>
  <system-out><![CDATA[The interest rate is more than 100.
]]></system-out>
  <system-err><![CDATA[]]></system-err>
</testsuite>
